# GNU Make 3.81
# Copyright (C) 2006  Free Software Foundation, Inc.
# This is free software; see the source for copying conditions.
# There is NO warranty; not even for MERCHANTABILITY or FITNESS FOR A
# PARTICULAR PURPOSE.

# This program built for i386-apple-darwin11.3.0

# Make data base, printed on Thu Jun 16 22:02:39 2022

# Variables

# automatic
<D = $(patsubst %/,%,$(dir $<))
# automatic
?F = $(notdir $?)
# environment
VSCODE_LOG_NATIVE = false
# makefile (from `Makefile', line 7)
SHARE_PATH = $(PREFIX)/share/$(TOOL_NAME)
# automatic
?D = $(patsubst %/,%,$(dir $?))
# automatic
@D = $(patsubst %/,%,$(dir $@))
# automatic
@F = $(notdir $@)
# makefile
CURDIR := /Users/r.cheah/Repos/lRoMYl/swift-graphql-codegen
# makefile
SHELL = /bin/sh
# environment
VSCODE_NLS_CONFIG = {"locale":"en-gb","availableLanguages":{},"_languagePackSupport":true}
# environment
_ = /usr/bin/make
# makefile (from `Makefile', line 1)
MAKEFILE_LIST :=  Makefile
# makefile (from `Makefile', line 11)
RELEASE_TAR = $(REPO)/archive/$(VERSION).tar.gz
# makefile (from `Makefile', line 3)
VERSION = $(shell git describe --abbrev=0 --tags)
# environment
VSCODE_VERBOSE_LOGGING = true
# environment
__CFBundleIdentifier = com.microsoft.VSCode
# environment
VSCODE_IPC_HOOK_EXTHOST = /var/folders/4y/97xx_97s0vj0wfdrp1jhtpr5dh1d4f/T/vscode-ipc-8cf1d72b-b8d3-49c5-a1c9-fd30294cd723.sock
# environment
VSCODE_CWD = /
# environment
PATH = /Users/r.cheah/.rbenv/shims:/Users/r.cheah/.rbenv/bin:/usr/local/bin:/usr/bin:/bin:/usr/sbin:/sbin:/usr/local/sbin:/Library/Apple/usr/bin:/Users/r.cheah/.rbenv/bin
# makefile (from `Makefile', line 2)
REPO_NAME = swift-graphql-codegen
# environment
VSCODE_LOG_STACK = false
# environment
ELECTRON_RUN_AS_NODE = 1
# default
.FEATURES := target-specific order-only second-expansion else-if archives jobserver check-symlink
# environment
HOMEBREW_GITHUB_API_TOKEN = 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
# environment
SSH_AUTH_SOCK = /private/tmp/com.apple.launchd.tNlOmFDcVb/Listeners
# automatic
%F = $(notdir $%)
# makefile (from `Makefile', line 6)
INSTALL_PATH = $(PREFIX)/bin/$(TOOL_NAME)
# environment
VSCODE_PIPE_LOGGING = true
# environment
PWD = /Users/r.cheah/Repos/lRoMYl/swift-graphql-codegen
# environment
ORIGINAL_XDG_CURRENT_DESKTOP = undefined
# environment
VSCODE_AMD_ENTRYPOINT = vs/workbench/api/node/extensionHostProcess
# environment
HOME = /Users/r.cheah
# default
MAKEFILEPATH := /Applications/Xcode.app/Contents/Developer/Makefiles
# environment
VSCODE_CODE_CACHE_PATH = /Users/r.cheah/Library/Application Support/Code/CachedData/4af164ea3a06f701fe3e89a2bcbb421d2026b68f
# environment
LOGNAME = r.cheah
# environment
APPLICATION_INSIGHTS_NO_DIAGNOSTIC_CHANNEL = true
# makefile (from `Makefile', line 5)
PREFIX = /usr/local
# environment
VSCODE_HANDLES_UNCAUGHT_ERRORS = true
# automatic
^D = $(patsubst %/,%,$(dir $^))
# environment
XPC_FLAGS = 0x0
# makefile (from `Makefile', line 8)
BUILD_PATH = .build/release/$(TOOL_NAME)
# default
MAKE = $(MAKE_COMMAND)
# default
MAKECMDGOALS := all
# environment
SHLVL = 1
# default
MAKE_VERSION := 3.81
# environment
USER = r.cheah
# makefile
.DEFAULT_GOAL := build
# makefile (from `Makefile', line 1)
TOOL_NAME = swift-graphql-codegen
# automatic
%D = $(patsubst %/,%,$(dir $%))
# default
MAKE_COMMAND := /Applications/Xcode.app/Contents/Developer/usr/bin/make
# default
.VARIABLES := 
# environment
TMPDIR = /var/folders/4y/97xx_97s0vj0wfdrp1jhtpr5dh1d4f/T/
# automatic
*F = $(notdir $*)
# environment
VSCODE_IPC_HOOK = /Users/r.cheah/Library/Application Support/Code/1.68.0-main.sock
# makefile (from `Makefile', line 10)
REPO = https://github.com/lromyl/$(REPO_NAME)
# makefile
MAKEFLAGS = Rrqp
# environment
MFLAGS = -Rrqp
# automatic
*D = $(patsubst %/,%,$(dir $*))
# environment
XPC_SERVICE_NAME = application.com.microsoft.VSCode.79372941.79372947
# automatic
+D = $(patsubst %/,%,$(dir $+))
# automatic
+F = $(notdir $+)
# environment
__CF_USER_TEXT_ENCODING = 0x5B00B48E:0x0:0x64
# environment
COMMAND_MODE = unix2003
# default
MAKEFILES := 
# environment
RBENV_SHELL = zsh
# automatic
<F = $(notdir $<)
# environment
LC_ALL = C
# makefile (from `Makefile', line 9)
CURRENT_PATH = $(PWD)
# automatic
^F = $(notdir $^)
# default
SUFFIXES := 
# default
.INCLUDE_DIRS = /usr/local/include
# environment
MAKELEVEL := 0
# makefile (from `Makefile', line 12)
SHA = $(shell curl -L -s $(RELEASE_TAR) | shasum -a 256 | sed 's/ .*//')
# environment
LANG = C
# environment
VSCODE_PID = 27253
# variable set hash-table stats:
# Load=75/1024=7%, Rehash=0, Collisions=3/99=3%

# Pattern-specific Variable Values

# No pattern-specific variable values.

# Directories

# . (device 16777222, inode 33328828): 21 files, no impossibilities.

# 21 files, no impossibilities in 1 directories.

# Implicit Rules

# No implicit rules.

# Files

# Not a target:
all:
#  Command-line target.
#  Implicit rule search has been done.
#  File does not exist.
#  File has not been updated.
# variable set hash-table stats:
# Load=0/32=0%, Rehash=0, Collisions=0/0=0%

update_brew:
#  Implicit rule search has not been done.
#  Modification time never checked.
#  File has not been updated.
#  commands to execute (from `Makefile', line 28):
	sed -i '' 's|\(url ".*/archive/\)\(.*\)\(.tar\)|\1$(VERSION)\3|' Formula/$(TOOL_NAME).rb
	sed -i '' 's|\(sha256 "\)\(.*\)\("\)|\1$(SHA)\3|' Formula/$(TOOL_NAME).rb
	git add Formula/*
	git commit -m "Update brew to $(VERSION)"
	

# Not a target:
.SUFFIXES:
#  Implicit rule search has not been done.
#  Modification time never checked.
#  File has not been updated.

uninstall:
#  Implicit rule search has not been done.
#  Modification time never checked.
#  File has not been updated.
#  commands to execute (from `Makefile', line 22):
	rm -f $(INSTALL_PATH)
	

format:
#  Implicit rule search has not been done.
#  Modification time never checked.
#  File has not been updated.
#  commands to execute (from `Makefile', line 25):
	swiftformat .
	

# Not a target:
Makefile:
#  Implicit rule search has been done.
#  Last modified 2022-05-29 20:16:27
#  File has been updated.
#  Successfully updated.
# variable set hash-table stats:
# Load=0/32=0%, Rehash=0, Collisions=0/0=0%

build:
#  Implicit rule search has not been done.
#  Modification time never checked.
#  File has not been updated.
#  commands to execute (from `Makefile', line 15):
	swift build --disable-sandbox -c release
	

# Not a target:
.DEFAULT:
#  Implicit rule search has not been done.
#  Modification time never checked.
#  File has not been updated.

install: build
#  Implicit rule search has not been done.
#  Modification time never checked.
#  File has not been updated.
#  commands to execute (from `Makefile', line 18):
	mkdir -p $(PREFIX)/bin
	cp -f $(BUILD_PATH) $(INSTALL_PATH)
	

# files hash-table stats:
# Load=9/1024=1%, Rehash=0, Collisions=1/22=5%
# VPATH Search Paths

# No `vpath' search paths.

# No general (`VPATH' variable) search path.

# # of strings in strcache: 1
# # of strcache buffers: 1
# strcache size: total = 4096 / max = 4096 / min = 4096 / avg = 4096
# strcache free: total = 4087 / max = 4087 / min = 4087 / avg = 4087

# Finished Make data base on Thu Jun 16 22:02:39 2022

 
make: *** No rule to make target `all'.  Stop.

